<?xml version="1.0" encoding="UTF-8" ?>
<testsuite errors="5" failures="2" hostname="zaini" name="fr.isima.gask.CommentControllerSpec" tests="7" time="0.785" timestamp="2015-02-07T18:22:05">
  <properties />
  <testcase classname="fr.isima.gask.CommentControllerSpec" name="Test the index action returns the correct model" time="0.32">
    <failure message="Condition not satisfied:&#xa;&#xa;model.commentInstanceCount == 0&#xa;|     |                    |&#xa;[:]   null                 false&#xa;" type="junit.framework.AssertionFailedError">junit.framework.AssertionFailedError: Condition not satisfied:

model.commentInstanceCount == 0
|     |                    |
[:]   null                 false

	at fr.isima.gask.CommentControllerSpec.Test the index action returns the correct model(CommentControllerSpec.groovy:25)
</failure>
  </testcase>
  <testcase classname="fr.isima.gask.CommentControllerSpec" name="Test the create action returns the correct model" time="0.07">
    <failure message="Condition not satisfied:&#xa;&#xa;model.commentInstance!= null&#xa;|     |              |&#xa;[:]   null           false&#xa;" type="junit.framework.AssertionFailedError">junit.framework.AssertionFailedError: Condition not satisfied:

model.commentInstance!= null
|     |              |
[:]   null           false

	at fr.isima.gask.CommentControllerSpec.Test the create action returns the correct model(CommentControllerSpec.groovy:33)
</failure>
  </testcase>
  <testcase classname="fr.isima.gask.CommentControllerSpec" name="Test the save action correctly persists an instance" time="0.079">
    <error message="No signature of method: fr.isima.gask.CommentController.save() is applicable for argument types: (fr.isima.gask.Comment) values: [fr.isima.gask.Comment : (unsaved)]&#xa;Possible solutions: wait(), hide(), any(), wait(long), hide(int), raw(java.lang.Object)" type="groovy.lang.MissingMethodException">groovy.lang.MissingMethodException: No signature of method: fr.isima.gask.CommentController.save() is applicable for argument types: (fr.isima.gask.Comment) values: [fr.isima.gask.Comment : (unsaved)]
Possible solutions: wait(), hide(), any(), wait(long), hide(int), raw(java.lang.Object)
	at fr.isima.gask.CommentControllerSpec.Test the save action correctly persists an instance(CommentControllerSpec.groovy:43)
</error>
  </testcase>
  <testcase classname="fr.isima.gask.CommentControllerSpec" name="Test that the show action returns the correct model" time="0.093">
    <error message="No signature of method: fr.isima.gask.CommentController.show() is applicable for argument types: (null) values: [null]&#xa;Possible solutions: raw(java.lang.Object), wait(), get(), hide(), any(), dump()" type="groovy.lang.MissingMethodException">groovy.lang.MissingMethodException: No signature of method: fr.isima.gask.CommentController.show() is applicable for argument types: (null) values: [null]
Possible solutions: raw(java.lang.Object), wait(), get(), hide(), any(), dump()
	at fr.isima.gask.CommentControllerSpec.Test that the show action returns the correct model(CommentControllerSpec.groovy:64)
</error>
  </testcase>
  <testcase classname="fr.isima.gask.CommentControllerSpec" name="Test that the edit action returns the correct model" time="0.069">
    <error message="No signature of method: fr.isima.gask.CommentController.edit() is applicable for argument types: (null) values: [null]&#xa;Possible solutions: wait(), hide(), wait(long), get(), hide(int), delete()" type="groovy.lang.MissingMethodException">groovy.lang.MissingMethodException: No signature of method: fr.isima.gask.CommentController.edit() is applicable for argument types: (null) values: [null]
Possible solutions: wait(), hide(), wait(long), get(), hide(int), delete()
	at fr.isima.gask.CommentControllerSpec.Test that the edit action returns the correct model(CommentControllerSpec.groovy:80)
</error>
  </testcase>
  <testcase classname="fr.isima.gask.CommentControllerSpec" name="Test the update action performs an update on a valid domain instance" time="0.063">
    <error message="No signature of method: fr.isima.gask.CommentController.update() is applicable for argument types: (null) values: [null]&#xa;Possible solutions: update(), update(int), upVote(), upVote(int), create(), delete()" type="groovy.lang.MissingMethodException">groovy.lang.MissingMethodException: No signature of method: fr.isima.gask.CommentController.update() is applicable for argument types: (null) values: [null]
Possible solutions: update(), update(int), upVote(), upVote(int), create(), delete()
	at fr.isima.gask.CommentControllerSpec.Test the update action performs an update on a valid domain instance(CommentControllerSpec.groovy:98)
</error>
  </testcase>
  <testcase classname="fr.isima.gask.CommentControllerSpec" name="Test that the delete action deletes an instance if it exists" time="0.029">
    <error message="No signature of method: fr.isima.gask.CommentController.delete() is applicable for argument types: (null) values: [null]&#xa;Possible solutions: delete(), delete(int), create(), get(), upVote(), update()" type="groovy.lang.MissingMethodException">groovy.lang.MissingMethodException: No signature of method: fr.isima.gask.CommentController.delete() is applicable for argument types: (null) values: [null]
Possible solutions: delete(), delete(int), create(), get(), upVote(), update()
	at fr.isima.gask.CommentControllerSpec.Test that the delete action deletes an instance if it exists(CommentControllerSpec.groovy:130)
</error>
  </testcase>
  <system-out><![CDATA[--Output from Test the index action returns the correct model--
--Output from Test the create action returns the correct model--
--Output from Test the save action correctly persists an instance--
--Output from Test that the show action returns the correct model--
--Output from Test that the edit action returns the correct model--
--Output from Test the update action performs an update on a valid domain instance--
--Output from Test that the delete action deletes an instance if it exists--
]]></system-out>
  <system-err><![CDATA[--Output from Test the index action returns the correct model--
--Output from Test the create action returns the correct model--
--Output from Test the save action correctly persists an instance--
--Output from Test that the show action returns the correct model--
--Output from Test that the edit action returns the correct model--
--Output from Test the update action performs an update on a valid domain instance--
--Output from Test that the delete action deletes an instance if it exists--
]]></system-err>
</testsuite>
