<?xml version="1.0" encoding="UTF-8" ?>
<testsuite errors="5" failures="2" hostname="zaini" name="fr.isima.gask.AnswerControllerSpec" tests="7" time="1.516" timestamp="2015-02-07T18:22:00">
  <properties />
  <testcase classname="fr.isima.gask.AnswerControllerSpec" name="Test the index action returns the correct model" time="0.675">
    <failure message="Condition not satisfied:&#xa;&#xa;model.answerInstanceCount == 0&#xa;|     |                   |&#xa;[:]   null                false&#xa;" type="junit.framework.AssertionFailedError">junit.framework.AssertionFailedError: Condition not satisfied:

model.answerInstanceCount == 0
|     |                   |
[:]   null                false

	at fr.isima.gask.AnswerControllerSpec.Test the index action returns the correct model(AnswerControllerSpec.groovy:25)
</failure>
  </testcase>
  <testcase classname="fr.isima.gask.AnswerControllerSpec" name="Test the create action returns the correct model" time="0.088">
    <failure message="Condition not satisfied:&#xa;&#xa;model.answerInstance!= null&#xa;|     |             |&#xa;[:]   null          false&#xa;" type="junit.framework.AssertionFailedError">junit.framework.AssertionFailedError: Condition not satisfied:

model.answerInstance!= null
|     |             |
[:]   null          false

	at fr.isima.gask.AnswerControllerSpec.Test the create action returns the correct model(AnswerControllerSpec.groovy:33)
</failure>
  </testcase>
  <testcase classname="fr.isima.gask.AnswerControllerSpec" name="Test the save action correctly persists an instance" time="0.143">
    <error message="No signature of method: fr.isima.gask.AnswerController.save() is applicable for argument types: (fr.isima.gask.Answer) values: [fr.isima.gask.Answer : (unsaved)]&#xa;Possible solutions: wait(), hide(), any(), wait(long), hide(int), raw(java.lang.Object)" type="groovy.lang.MissingMethodException">groovy.lang.MissingMethodException: No signature of method: fr.isima.gask.AnswerController.save() is applicable for argument types: (fr.isima.gask.Answer) values: [fr.isima.gask.Answer : (unsaved)]
Possible solutions: wait(), hide(), any(), wait(long), hide(int), raw(java.lang.Object)
	at fr.isima.gask.AnswerControllerSpec.Test the save action correctly persists an instance(AnswerControllerSpec.groovy:43)
</error>
  </testcase>
  <testcase classname="fr.isima.gask.AnswerControllerSpec" name="Test that the show action returns the correct model" time="0.107">
    <error message="No signature of method: fr.isima.gask.AnswerController.show() is applicable for argument types: (null) values: [null]&#xa;Possible solutions: raw(java.lang.Object), wait(), get(), hide(), any(), dump()" type="groovy.lang.MissingMethodException">groovy.lang.MissingMethodException: No signature of method: fr.isima.gask.AnswerController.show() is applicable for argument types: (null) values: [null]
Possible solutions: raw(java.lang.Object), wait(), get(), hide(), any(), dump()
	at fr.isima.gask.AnswerControllerSpec.Test that the show action returns the correct model(AnswerControllerSpec.groovy:64)
</error>
  </testcase>
  <testcase classname="fr.isima.gask.AnswerControllerSpec" name="Test that the edit action returns the correct model" time="0.115">
    <error message="No signature of method: fr.isima.gask.AnswerController.edit() is applicable for argument types: (null) values: [null]&#xa;Possible solutions: wait(), hide(), wait(long), get(), hide(int), delete()" type="groovy.lang.MissingMethodException">groovy.lang.MissingMethodException: No signature of method: fr.isima.gask.AnswerController.edit() is applicable for argument types: (null) values: [null]
Possible solutions: wait(), hide(), wait(long), get(), hide(int), delete()
	at fr.isima.gask.AnswerControllerSpec.Test that the edit action returns the correct model(AnswerControllerSpec.groovy:80)
</error>
  </testcase>
  <testcase classname="fr.isima.gask.AnswerControllerSpec" name="Test the update action performs an update on a valid domain instance" time="0.129">
    <error message="No signature of method: fr.isima.gask.AnswerController.update() is applicable for argument types: (null) values: [null]&#xa;Possible solutions: update(), update(int), upVote(), upVote(int), create(), delete()" type="groovy.lang.MissingMethodException">groovy.lang.MissingMethodException: No signature of method: fr.isima.gask.AnswerController.update() is applicable for argument types: (null) values: [null]
Possible solutions: update(), update(int), upVote(), upVote(int), create(), delete()
	at fr.isima.gask.AnswerControllerSpec.Test the update action performs an update on a valid domain instance(AnswerControllerSpec.groovy:98)
</error>
  </testcase>
  <testcase classname="fr.isima.gask.AnswerControllerSpec" name="Test that the delete action deletes an instance if it exists" time="0.139">
    <error message="No signature of method: fr.isima.gask.AnswerController.delete() is applicable for argument types: (null) values: [null]&#xa;Possible solutions: delete(), delete(int), create(), get(), upVote(), update()" type="groovy.lang.MissingMethodException">groovy.lang.MissingMethodException: No signature of method: fr.isima.gask.AnswerController.delete() is applicable for argument types: (null) values: [null]
Possible solutions: delete(), delete(int), create(), get(), upVote(), update()
	at fr.isima.gask.AnswerControllerSpec.Test that the delete action deletes an instance if it exists(AnswerControllerSpec.groovy:130)
</error>
  </testcase>
  <system-out><![CDATA[--Output from Test the index action returns the correct model--
--Output from Test the create action returns the correct model--
--Output from Test the save action correctly persists an instance--
--Output from Test that the show action returns the correct model--
--Output from Test that the edit action returns the correct model--
--Output from Test the update action performs an update on a valid domain instance--
--Output from Test that the delete action deletes an instance if it exists--
]]></system-out>
  <system-err><![CDATA[--Output from Test the index action returns the correct model--
--Output from Test the create action returns the correct model--
--Output from Test the save action correctly persists an instance--
--Output from Test that the show action returns the correct model--
--Output from Test that the edit action returns the correct model--
--Output from Test the update action performs an update on a valid domain instance--
--Output from Test that the delete action deletes an instance if it exists--
]]></system-err>
</testsuite>
