<?xml version="1.0" encoding="UTF-8" ?>
<testsuite errors="2" failures="1" hostname="zaini" name="fr.isima.gask.VoteControllerSpec" tests="7" time="1.294" timestamp="2015-02-07T18:22:06">
  <properties />
  <testcase classname="fr.isima.gask.VoteControllerSpec" name="Test the index action returns the correct model" time="0.417" />
  <testcase classname="fr.isima.gask.VoteControllerSpec" name="Test the create action returns the correct model" time="0.101" />
  <testcase classname="fr.isima.gask.VoteControllerSpec" name="Test the save action correctly persists an instance" time="0.436">
    <error message="Cannot redirect for object [fr.isima.gask.Vote : (unsaved)] it is not a domain or has no identifier. Use an explicit redirect instead " type="org.codehaus.groovy.grails.web.servlet.mvc.exceptions.CannotRedirectException">org.codehaus.groovy.grails.web.servlet.mvc.exceptions.CannotRedirectException: Cannot redirect for object [fr.isima.gask.Vote : (unsaved)] it is not a domain or has no identifier. Use an explicit redirect instead 
	at fr.isima.gask.VoteController.tt__save_closure9_closure14(VoteController.groovy:43)
	at fr.isima.gask.VoteController.$tt__save(VoteController.groovy:40)
	at fr.isima.gask.VoteControllerSpec.Test the save action correctly persists an instance(VoteControllerSpec.groovy:54)
</error>
  </testcase>
  <testcase classname="fr.isima.gask.VoteControllerSpec" name="Test that the show action returns the correct model" time="0.033" />
  <testcase classname="fr.isima.gask.VoteControllerSpec" name="Test that the edit action returns the correct model" time="0.034" />
  <testcase classname="fr.isima.gask.VoteControllerSpec" name="Test the update action performs an update on a valid domain instance" time="0.142">
    <error message="Cannot get property &apos;id&apos; on null object" type="java.lang.NullPointerException">java.lang.NullPointerException: Cannot get property &apos;id&apos; on null object
	at fr.isima.gask.VoteControllerSpec.Test the update action performs an update on a valid domain instance(VoteControllerSpec.groovy:122)
</error>
  </testcase>
  <testcase classname="fr.isima.gask.VoteControllerSpec" name="Test that the delete action deletes an instance if it exists" time="0.072">
    <failure message="Condition not satisfied:&#xa;&#xa;Vote.count() == 1&#xa;     |       |&#xa;     0       false&#xa;" type="junit.framework.AssertionFailedError">junit.framework.AssertionFailedError: Condition not satisfied:

Vote.count() == 1
     |       |
     0       false

	at fr.isima.gask.VoteControllerSpec.Test that the delete action deletes an instance if it exists(VoteControllerSpec.groovy:142)
</failure>
  </testcase>
  <system-out><![CDATA[--Output from Test the index action returns the correct model--
--Output from Test the create action returns the correct model--
--Output from Test the save action correctly persists an instance--
--Output from Test that the show action returns the correct model--
--Output from Test that the edit action returns the correct model--
--Output from Test the update action performs an update on a valid domain instance--
--Output from Test that the delete action deletes an instance if it exists--
]]></system-out>
  <system-err><![CDATA[--Output from Test the index action returns the correct model--
--Output from Test the create action returns the correct model--
--Output from Test the save action correctly persists an instance--
--Output from Test that the show action returns the correct model--
--Output from Test that the edit action returns the correct model--
--Output from Test the update action performs an update on a valid domain instance--
--Output from Test that the delete action deletes an instance if it exists--
]]></system-err>
</testsuite>
