<?xml version="1.0" encoding="UTF-8" ?>
<testsuite errors="5" failures="2" hostname="zaini" name="fr.isima.gask.PageControllerSpec" tests="7" time="0.596" timestamp="2015-02-07T18:22:05">
  <properties />
  <testcase classname="fr.isima.gask.PageControllerSpec" name="Test the index action returns the correct model" time="0.37">
    <failure message="Condition not satisfied:&#xa;&#xa;model.pageInstanceCount == 0&#xa;|     |                 |&#xa;[:]   null              false&#xa;" type="junit.framework.AssertionFailedError">junit.framework.AssertionFailedError: Condition not satisfied:

model.pageInstanceCount == 0
|     |                 |
[:]   null              false

	at fr.isima.gask.PageControllerSpec.Test the index action returns the correct model(PageControllerSpec.groovy:25)
</failure>
  </testcase>
  <testcase classname="fr.isima.gask.PageControllerSpec" name="Test the create action returns the correct model" time="0.024">
    <failure message="Condition not satisfied:&#xa;&#xa;model.pageInstance!= null&#xa;|     |           |&#xa;[:]   null        false&#xa;" type="junit.framework.AssertionFailedError">junit.framework.AssertionFailedError: Condition not satisfied:

model.pageInstance!= null
|     |           |
[:]   null        false

	at fr.isima.gask.PageControllerSpec.Test the create action returns the correct model(PageControllerSpec.groovy:33)
</failure>
  </testcase>
  <testcase classname="fr.isima.gask.PageControllerSpec" name="Test the save action correctly persists an instance" time="0.053">
    <error message="No signature of method: fr.isima.gask.PageController.save() is applicable for argument types: (fr.isima.gask.Page) values: [fr.isima.gask.Page : (unsaved)]&#xa;Possible solutions: wait(), any(), wait(long), raw(java.lang.Object), each(groovy.lang.Closure), any(groovy.lang.Closure)" type="groovy.lang.MissingMethodException">groovy.lang.MissingMethodException: No signature of method: fr.isima.gask.PageController.save() is applicable for argument types: (fr.isima.gask.Page) values: [fr.isima.gask.Page : (unsaved)]
Possible solutions: wait(), any(), wait(long), raw(java.lang.Object), each(groovy.lang.Closure), any(groovy.lang.Closure)
	at fr.isima.gask.PageControllerSpec.Test the save action correctly persists an instance(PageControllerSpec.groovy:43)
</error>
  </testcase>
  <testcase classname="fr.isima.gask.PageControllerSpec" name="Test that the show action returns the correct model" time="0.029">
    <error message="No signature of method: fr.isima.gask.PageController.show() is applicable for argument types: (null) values: [null]&#xa;Possible solutions: raw(java.lang.Object), wait(), get(), any(), dump(), find()" type="groovy.lang.MissingMethodException">groovy.lang.MissingMethodException: No signature of method: fr.isima.gask.PageController.show() is applicable for argument types: (null) values: [null]
Possible solutions: raw(java.lang.Object), wait(), get(), any(), dump(), find()
	at fr.isima.gask.PageControllerSpec.Test that the show action returns the correct model(PageControllerSpec.groovy:64)
</error>
  </testcase>
  <testcase classname="fr.isima.gask.PageControllerSpec" name="Test that the edit action returns the correct model" time="0.025">
    <error message="No signature of method: fr.isima.gask.PageController.edit() is applicable for argument types: (null) values: [null]&#xa;Possible solutions: wait(), wait(long), get(), delete(), wait(long, int), get(int)" type="groovy.lang.MissingMethodException">groovy.lang.MissingMethodException: No signature of method: fr.isima.gask.PageController.edit() is applicable for argument types: (null) values: [null]
Possible solutions: wait(), wait(long), get(), delete(), wait(long, int), get(int)
	at fr.isima.gask.PageControllerSpec.Test that the edit action returns the correct model(PageControllerSpec.groovy:80)
</error>
  </testcase>
  <testcase classname="fr.isima.gask.PageControllerSpec" name="Test the update action performs an update on a valid domain instance" time="0.032">
    <error message="No signature of method: fr.isima.gask.PageController.update() is applicable for argument types: (null) values: [null]&#xa;Possible solutions: update(), update(int), create(), delete(), get(), delete(int)" type="groovy.lang.MissingMethodException">groovy.lang.MissingMethodException: No signature of method: fr.isima.gask.PageController.update() is applicable for argument types: (null) values: [null]
Possible solutions: update(), update(int), create(), delete(), get(), delete(int)
	at fr.isima.gask.PageControllerSpec.Test the update action performs an update on a valid domain instance(PageControllerSpec.groovy:98)
</error>
  </testcase>
  <testcase classname="fr.isima.gask.PageControllerSpec" name="Test that the delete action deletes an instance if it exists" time="0.027">
    <error message="No signature of method: fr.isima.gask.PageController.delete() is applicable for argument types: (null) values: [null]&#xa;Possible solutions: delete(), delete(int), create(), get(), update(), every()" type="groovy.lang.MissingMethodException">groovy.lang.MissingMethodException: No signature of method: fr.isima.gask.PageController.delete() is applicable for argument types: (null) values: [null]
Possible solutions: delete(), delete(int), create(), get(), update(), every()
	at fr.isima.gask.PageControllerSpec.Test that the delete action deletes an instance if it exists(PageControllerSpec.groovy:130)
</error>
  </testcase>
  <system-out><![CDATA[--Output from Test the index action returns the correct model--
--Output from Test the create action returns the correct model--
--Output from Test the save action correctly persists an instance--
--Output from Test that the show action returns the correct model--
--Output from Test that the edit action returns the correct model--
--Output from Test the update action performs an update on a valid domain instance--
--Output from Test that the delete action deletes an instance if it exists--
]]></system-out>
  <system-err><![CDATA[--Output from Test the index action returns the correct model--
--Output from Test the create action returns the correct model--
--Output from Test the save action correctly persists an instance--
--Output from Test that the show action returns the correct model--
--Output from Test that the edit action returns the correct model--
--Output from Test the update action performs an update on a valid domain instance--
--Output from Test that the delete action deletes an instance if it exists--
]]></system-err>
</testsuite>
