<?xml version="1.0" encoding="UTF-8" ?>
<testsuite errors="6" failures="1" hostname="zaini" name="fr.isima.gask.BadgeCategoryControllerSpec" tests="7" time="0.675" timestamp="2015-02-07T18:22:10">
  <properties />
  <testcase classname="fr.isima.gask.BadgeCategoryControllerSpec" name="Test the index action returns the correct model" time="0.299">
    <failure message="Condition not satisfied:&#xa;&#xa;model.badgeCategoryInstanceCount == 0&#xa;|     |                          |&#xa;[:]   null                       false&#xa;" type="junit.framework.AssertionFailedError">junit.framework.AssertionFailedError: Condition not satisfied:

model.badgeCategoryInstanceCount == 0
|     |                          |
[:]   null                       false

	at fr.isima.gask.BadgeCategoryControllerSpec.Test the index action returns the correct model(BadgeCategoryControllerSpec.groovy:25)
</failure>
  </testcase>
  <testcase classname="fr.isima.gask.BadgeCategoryControllerSpec" name="Test the create action returns the correct model" time="0.059">
    <error message="No signature of method: fr.isima.gask.BadgeCategoryController.create() is applicable for argument types: () values: []&#xa;Possible solutions: get(), grep(), chain(java.util.Map), get(int), raw(java.lang.Object), render(groovy.lang.Closure)" type="groovy.lang.MissingMethodException">groovy.lang.MissingMethodException: No signature of method: fr.isima.gask.BadgeCategoryController.create() is applicable for argument types: () values: []
Possible solutions: get(), grep(), chain(java.util.Map), get(int), raw(java.lang.Object), render(groovy.lang.Closure)
	at fr.isima.gask.BadgeCategoryControllerSpec.Test the create action returns the correct model(BadgeCategoryControllerSpec.groovy:30)
</error>
  </testcase>
  <testcase classname="fr.isima.gask.BadgeCategoryControllerSpec" name="Test the save action correctly persists an instance" time="0.032">
    <error message="No signature of method: fr.isima.gask.BadgeCategoryController.save() is applicable for argument types: (fr.isima.gask.BadgeCategory) values: [fr.isima.gask.BadgeCategory : (unsaved)]&#xa;Possible solutions: wait(), any(), wait(long), raw(java.lang.Object), each(groovy.lang.Closure), any(groovy.lang.Closure)" type="groovy.lang.MissingMethodException">groovy.lang.MissingMethodException: No signature of method: fr.isima.gask.BadgeCategoryController.save() is applicable for argument types: (fr.isima.gask.BadgeCategory) values: [fr.isima.gask.BadgeCategory : (unsaved)]
Possible solutions: wait(), any(), wait(long), raw(java.lang.Object), each(groovy.lang.Closure), any(groovy.lang.Closure)
	at fr.isima.gask.BadgeCategoryControllerSpec.Test the save action correctly persists an instance(BadgeCategoryControllerSpec.groovy:43)
</error>
  </testcase>
  <testcase classname="fr.isima.gask.BadgeCategoryControllerSpec" name="Test that the show action returns the correct model" time="0.03">
    <error message="No signature of method: fr.isima.gask.BadgeCategoryController.show() is applicable for argument types: (null) values: [null]&#xa;Possible solutions: raw(java.lang.Object), wait(), get(), any(), dump(), find()" type="groovy.lang.MissingMethodException">groovy.lang.MissingMethodException: No signature of method: fr.isima.gask.BadgeCategoryController.show() is applicable for argument types: (null) values: [null]
Possible solutions: raw(java.lang.Object), wait(), get(), any(), dump(), find()
	at fr.isima.gask.BadgeCategoryControllerSpec.Test that the show action returns the correct model(BadgeCategoryControllerSpec.groovy:64)
</error>
  </testcase>
  <testcase classname="fr.isima.gask.BadgeCategoryControllerSpec" name="Test that the edit action returns the correct model" time="0.026">
    <error message="No signature of method: fr.isima.gask.BadgeCategoryController.edit() is applicable for argument types: (null) values: [null]&#xa;Possible solutions: wait(), wait(long), get(), wait(long, int), get(int), each(groovy.lang.Closure)" type="groovy.lang.MissingMethodException">groovy.lang.MissingMethodException: No signature of method: fr.isima.gask.BadgeCategoryController.edit() is applicable for argument types: (null) values: [null]
Possible solutions: wait(), wait(long), get(), wait(long, int), get(int), each(groovy.lang.Closure)
	at fr.isima.gask.BadgeCategoryControllerSpec.Test that the edit action returns the correct model(BadgeCategoryControllerSpec.groovy:80)
</error>
  </testcase>
  <testcase classname="fr.isima.gask.BadgeCategoryControllerSpec" name="Test the update action performs an update on a valid domain instance" time="0.085">
    <error message="No signature of method: fr.isima.gask.BadgeCategoryController.update() is applicable for argument types: (null) values: [null]&#xa;Possible solutions: get(), use([Ljava.lang.Object;), split(groovy.lang.Closure), putAt(java.lang.String, java.lang.Object), isCase(java.lang.Object)" type="groovy.lang.MissingMethodException">groovy.lang.MissingMethodException: No signature of method: fr.isima.gask.BadgeCategoryController.update() is applicable for argument types: (null) values: [null]
Possible solutions: get(), use([Ljava.lang.Object;), split(groovy.lang.Closure), putAt(java.lang.String, java.lang.Object), isCase(java.lang.Object)
	at fr.isima.gask.BadgeCategoryControllerSpec.Test the update action performs an update on a valid domain instance(BadgeCategoryControllerSpec.groovy:98)
</error>
  </testcase>
  <testcase classname="fr.isima.gask.BadgeCategoryControllerSpec" name="Test that the delete action deletes an instance if it exists" time="0.117">
    <error message="No signature of method: fr.isima.gask.BadgeCategoryController.delete() is applicable for argument types: (null) values: [null]&#xa;Possible solutions: get(), every(), sleep(long), get(int), getAt(java.lang.String), split(groovy.lang.Closure)" type="groovy.lang.MissingMethodException">groovy.lang.MissingMethodException: No signature of method: fr.isima.gask.BadgeCategoryController.delete() is applicable for argument types: (null) values: [null]
Possible solutions: get(), every(), sleep(long), get(int), getAt(java.lang.String), split(groovy.lang.Closure)
	at fr.isima.gask.BadgeCategoryControllerSpec.Test that the delete action deletes an instance if it exists(BadgeCategoryControllerSpec.groovy:130)
</error>
  </testcase>
  <system-out><![CDATA[--Output from Test the index action returns the correct model--
--Output from Test the create action returns the correct model--
--Output from Test the save action correctly persists an instance--
--Output from Test that the show action returns the correct model--
--Output from Test that the edit action returns the correct model--
--Output from Test the update action performs an update on a valid domain instance--
--Output from Test that the delete action deletes an instance if it exists--
]]></system-out>
  <system-err><![CDATA[--Output from Test the index action returns the correct model--
--Output from Test the create action returns the correct model--
--Output from Test the save action correctly persists an instance--
--Output from Test that the show action returns the correct model--
--Output from Test that the edit action returns the correct model--
--Output from Test the update action performs an update on a valid domain instance--
--Output from Test that the delete action deletes an instance if it exists--
]]></system-err>
</testsuite>
