<?xml version="1.0" encoding="UTF-8" ?>
<testsuite errors="5" failures="2" hostname="zaini" name="fr.isima.gask.TagControllerSpec" tests="7" time="1.521" timestamp="2015-02-07T18:22:07">
  <properties />
  <testcase classname="fr.isima.gask.TagControllerSpec" name="Test the index action returns the correct model" time="1.211">
    <failure message="Condition not satisfied:&#xa;&#xa;model.tagInstanceCount == 0&#xa;|     |                |&#xa;[:]   null             false&#xa;" type="junit.framework.AssertionFailedError">junit.framework.AssertionFailedError: Condition not satisfied:

model.tagInstanceCount == 0
|     |                |
[:]   null             false

	at fr.isima.gask.TagControllerSpec.Test the index action returns the correct model(TagControllerSpec.groovy:25)
</failure>
  </testcase>
  <testcase classname="fr.isima.gask.TagControllerSpec" name="Test the create action returns the correct model" time="0.026">
    <failure message="Condition not satisfied:&#xa;&#xa;model.tagInstance!= null&#xa;|     |          |&#xa;[:]   null       false&#xa;" type="junit.framework.AssertionFailedError">junit.framework.AssertionFailedError: Condition not satisfied:

model.tagInstance!= null
|     |          |
[:]   null       false

	at fr.isima.gask.TagControllerSpec.Test the create action returns the correct model(TagControllerSpec.groovy:33)
</failure>
  </testcase>
  <testcase classname="fr.isima.gask.TagControllerSpec" name="Test the save action correctly persists an instance" time="0.089">
    <error message="No signature of method: fr.isima.gask.TagController.save() is applicable for argument types: (fr.isima.gask.Tag) values: [fr.isima.gask.Tag : (unsaved)]&#xa;Possible solutions: wait(), any(), wait(long), raw(java.lang.Object), each(groovy.lang.Closure), any(groovy.lang.Closure)" type="groovy.lang.MissingMethodException">groovy.lang.MissingMethodException: No signature of method: fr.isima.gask.TagController.save() is applicable for argument types: (fr.isima.gask.Tag) values: [fr.isima.gask.Tag : (unsaved)]
Possible solutions: wait(), any(), wait(long), raw(java.lang.Object), each(groovy.lang.Closure), any(groovy.lang.Closure)
	at fr.isima.gask.TagControllerSpec.Test the save action correctly persists an instance(TagControllerSpec.groovy:43)
</error>
  </testcase>
  <testcase classname="fr.isima.gask.TagControllerSpec" name="Test that the show action returns the correct model" time="0.03">
    <error message="No signature of method: fr.isima.gask.TagController.show() is applicable for argument types: (null) values: [null]&#xa;Possible solutions: raw(java.lang.Object), wait(), get(), users(), any(), dump()" type="groovy.lang.MissingMethodException">groovy.lang.MissingMethodException: No signature of method: fr.isima.gask.TagController.show() is applicable for argument types: (null) values: [null]
Possible solutions: raw(java.lang.Object), wait(), get(), users(), any(), dump()
	at fr.isima.gask.TagControllerSpec.Test that the show action returns the correct model(TagControllerSpec.groovy:64)
</error>
  </testcase>
  <testcase classname="fr.isima.gask.TagControllerSpec" name="Test that the edit action returns the correct model" time="0.037">
    <error message="No signature of method: fr.isima.gask.TagController.edit() is applicable for argument types: (null) values: [null]&#xa;Possible solutions: wait(), wait(long), get(), delete(), wait(long, int), get(int)" type="groovy.lang.MissingMethodException">groovy.lang.MissingMethodException: No signature of method: fr.isima.gask.TagController.edit() is applicable for argument types: (null) values: [null]
Possible solutions: wait(), wait(long), get(), delete(), wait(long, int), get(int)
	at fr.isima.gask.TagControllerSpec.Test that the edit action returns the correct model(TagControllerSpec.groovy:80)
</error>
  </testcase>
  <testcase classname="fr.isima.gask.TagControllerSpec" name="Test the update action performs an update on a valid domain instance" time="0.065">
    <error message="No signature of method: fr.isima.gask.TagController.update() is applicable for argument types: (null) values: [null]&#xa;Possible solutions: update(), update(int), create(), delete(), get(), delete(int)" type="groovy.lang.MissingMethodException">groovy.lang.MissingMethodException: No signature of method: fr.isima.gask.TagController.update() is applicable for argument types: (null) values: [null]
Possible solutions: update(), update(int), create(), delete(), get(), delete(int)
	at fr.isima.gask.TagControllerSpec.Test the update action performs an update on a valid domain instance(TagControllerSpec.groovy:98)
</error>
  </testcase>
  <testcase classname="fr.isima.gask.TagControllerSpec" name="Test that the delete action deletes an instance if it exists" time="0.032">
    <error message="No signature of method: fr.isima.gask.TagController.delete() is applicable for argument types: (null) values: [null]&#xa;Possible solutions: delete(), delete(int), create(), get(), update(), every()" type="groovy.lang.MissingMethodException">groovy.lang.MissingMethodException: No signature of method: fr.isima.gask.TagController.delete() is applicable for argument types: (null) values: [null]
Possible solutions: delete(), delete(int), create(), get(), update(), every()
	at fr.isima.gask.TagControllerSpec.Test that the delete action deletes an instance if it exists(TagControllerSpec.groovy:130)
</error>
  </testcase>
  <system-out><![CDATA[--Output from Test the index action returns the correct model--
--Output from Test the create action returns the correct model--
--Output from Test the save action correctly persists an instance--
--Output from Test that the show action returns the correct model--
--Output from Test that the edit action returns the correct model--
--Output from Test the update action performs an update on a valid domain instance--
--Output from Test that the delete action deletes an instance if it exists--
]]></system-out>
  <system-err><![CDATA[--Output from Test the index action returns the correct model--
--Output from Test the create action returns the correct model--
--Output from Test the save action correctly persists an instance--
--Output from Test that the show action returns the correct model--
--Output from Test that the edit action returns the correct model--
--Output from Test the update action performs an update on a valid domain instance--
--Output from Test that the delete action deletes an instance if it exists--
]]></system-err>
</testsuite>
