<?xml version="1.0" encoding="UTF-8" ?>
<testsuite errors="5" failures="2" hostname="zaini" name="fr.isima.gask.QuestionControllerSpec" tests="7" time="1.102" timestamp="2015-02-07T18:22:03">
  <properties />
  <testcase classname="fr.isima.gask.QuestionControllerSpec" name="Test the index action returns the correct model" time="0.537">
    <failure message="Condition not satisfied:&#xa;&#xa;model.questionInstanceCount == 0&#xa;|     |                     |&#xa;[:]   null                  false&#xa;" type="junit.framework.AssertionFailedError">junit.framework.AssertionFailedError: Condition not satisfied:

model.questionInstanceCount == 0
|     |                     |
[:]   null                  false

	at fr.isima.gask.QuestionControllerSpec.Test the index action returns the correct model(QuestionControllerSpec.groovy:25)
</failure>
  </testcase>
  <testcase classname="fr.isima.gask.QuestionControllerSpec" name="Test the create action returns the correct model" time="0.073">
    <failure message="Condition not satisfied:&#xa;&#xa;model.questionInstance!= null&#xa;|     |               |&#xa;[:]   null            false&#xa;" type="junit.framework.AssertionFailedError">junit.framework.AssertionFailedError: Condition not satisfied:

model.questionInstance!= null
|     |               |
[:]   null            false

	at fr.isima.gask.QuestionControllerSpec.Test the create action returns the correct model(QuestionControllerSpec.groovy:33)
</failure>
  </testcase>
  <testcase classname="fr.isima.gask.QuestionControllerSpec" name="Test the save action correctly persists an instance" time="0.122">
    <error message="No signature of method: fr.isima.gask.QuestionController.save() is applicable for argument types: (fr.isima.gask.Question) values: [fr.isima.gask.Question : (unsaved)]&#xa;Possible solutions: wait(), hide(), tags(), any(), wait(long), hide(int)" type="groovy.lang.MissingMethodException">groovy.lang.MissingMethodException: No signature of method: fr.isima.gask.QuestionController.save() is applicable for argument types: (fr.isima.gask.Question) values: [fr.isima.gask.Question : (unsaved)]
Possible solutions: wait(), hide(), tags(), any(), wait(long), hide(int)
	at fr.isima.gask.QuestionControllerSpec.Test the save action correctly persists an instance(QuestionControllerSpec.groovy:43)
</error>
  </testcase>
  <testcase classname="fr.isima.gask.QuestionControllerSpec" name="Test that the show action returns the correct model" time="0.074">
    <error message="No signature of method: fr.isima.gask.QuestionController.show() is applicable for argument types: (null) values: [null]&#xa;Possible solutions: raw(java.lang.Object), wait(), get(), hide(), tags(), any()" type="groovy.lang.MissingMethodException">groovy.lang.MissingMethodException: No signature of method: fr.isima.gask.QuestionController.show() is applicable for argument types: (null) values: [null]
Possible solutions: raw(java.lang.Object), wait(), get(), hide(), tags(), any()
	at fr.isima.gask.QuestionControllerSpec.Test that the show action returns the correct model(QuestionControllerSpec.groovy:64)
</error>
  </testcase>
  <testcase classname="fr.isima.gask.QuestionControllerSpec" name="Test that the edit action returns the correct model" time="0.075">
    <error message="No signature of method: fr.isima.gask.QuestionController.edit() is applicable for argument types: (null) values: [null]&#xa;Possible solutions: wait(), hide(), wait(long), get(), hide(int), delete()" type="groovy.lang.MissingMethodException">groovy.lang.MissingMethodException: No signature of method: fr.isima.gask.QuestionController.edit() is applicable for argument types: (null) values: [null]
Possible solutions: wait(), hide(), wait(long), get(), hide(int), delete()
	at fr.isima.gask.QuestionControllerSpec.Test that the edit action returns the correct model(QuestionControllerSpec.groovy:80)
</error>
  </testcase>
  <testcase classname="fr.isima.gask.QuestionControllerSpec" name="Test the update action performs an update on a valid domain instance" time="0.076">
    <error message="No signature of method: fr.isima.gask.QuestionController.update() is applicable for argument types: (null) values: [null]&#xa;Possible solutions: update(), update(int), upVote(), upVote(int), create(), delete()" type="groovy.lang.MissingMethodException">groovy.lang.MissingMethodException: No signature of method: fr.isima.gask.QuestionController.update() is applicable for argument types: (null) values: [null]
Possible solutions: update(), update(int), upVote(), upVote(int), create(), delete()
	at fr.isima.gask.QuestionControllerSpec.Test the update action performs an update on a valid domain instance(QuestionControllerSpec.groovy:98)
</error>
  </testcase>
  <testcase classname="fr.isima.gask.QuestionControllerSpec" name="Test that the delete action deletes an instance if it exists" time="0.073">
    <error message="No signature of method: fr.isima.gask.QuestionController.delete() is applicable for argument types: (null) values: [null]&#xa;Possible solutions: delete(), delete(int), create(), get(), upVote(), update()" type="groovy.lang.MissingMethodException">groovy.lang.MissingMethodException: No signature of method: fr.isima.gask.QuestionController.delete() is applicable for argument types: (null) values: [null]
Possible solutions: delete(), delete(int), create(), get(), upVote(), update()
	at fr.isima.gask.QuestionControllerSpec.Test that the delete action deletes an instance if it exists(QuestionControllerSpec.groovy:130)
</error>
  </testcase>
  <system-out><![CDATA[--Output from Test the index action returns the correct model--
--Output from Test the create action returns the correct model--
--Output from Test the save action correctly persists an instance--
--Output from Test that the show action returns the correct model--
--Output from Test that the edit action returns the correct model--
--Output from Test the update action performs an update on a valid domain instance--
--Output from Test that the delete action deletes an instance if it exists--
]]></system-out>
  <system-err><![CDATA[--Output from Test the index action returns the correct model--
--Output from Test the create action returns the correct model--
--Output from Test the save action correctly persists an instance--
--Output from Test that the show action returns the correct model--
--Output from Test that the edit action returns the correct model--
--Output from Test the update action performs an update on a valid domain instance--
--Output from Test that the delete action deletes an instance if it exists--
]]></system-err>
</testsuite>
