<?xml version="1.0" encoding="UTF-8" ?>
<testsuite errors="5" failures="2" hostname="zaini" name="fr.isima.gask.UserControllerSpec" tests="7" time="0.749" timestamp="2015-02-07T18:22:09">
  <properties />
  <testcase classname="fr.isima.gask.UserControllerSpec" name="Test the index action returns the correct model" time="0.32">
    <failure message="Condition not satisfied:&#xa;&#xa;model.userInstanceCount == 0&#xa;|     |                 |&#xa;[:]   null              false&#xa;" type="junit.framework.AssertionFailedError">junit.framework.AssertionFailedError: Condition not satisfied:

model.userInstanceCount == 0
|     |                 |
[:]   null              false

	at fr.isima.gask.UserControllerSpec.Test the index action returns the correct model(UserControllerSpec.groovy:25)
</failure>
  </testcase>
  <testcase classname="fr.isima.gask.UserControllerSpec" name="Test the create action returns the correct model" time="0.07">
    <failure message="Condition not satisfied:&#xa;&#xa;model.userInstance!= null&#xa;|     |           |&#xa;[:]   null        false&#xa;" type="junit.framework.AssertionFailedError">junit.framework.AssertionFailedError: Condition not satisfied:

model.userInstance!= null
|     |           |
[:]   null        false

	at fr.isima.gask.UserControllerSpec.Test the create action returns the correct model(UserControllerSpec.groovy:33)
</failure>
  </testcase>
  <testcase classname="fr.isima.gask.UserControllerSpec" name="Test the save action correctly persists an instance" time="0.101">
    <error message="No signature of method: fr.isima.gask.UserController.save() is applicable for argument types: (fr.isima.gask.User) values: [fr.isima.gask.User : (unsaved)]&#xa;Possible solutions: wait(), names(), any(), wait(long), raw(java.lang.Object), each(groovy.lang.Closure)" type="groovy.lang.MissingMethodException">groovy.lang.MissingMethodException: No signature of method: fr.isima.gask.UserController.save() is applicable for argument types: (fr.isima.gask.User) values: [fr.isima.gask.User : (unsaved)]
Possible solutions: wait(), names(), any(), wait(long), raw(java.lang.Object), each(groovy.lang.Closure)
	at fr.isima.gask.UserControllerSpec.Test the save action correctly persists an instance(UserControllerSpec.groovy:43)
</error>
  </testcase>
  <testcase classname="fr.isima.gask.UserControllerSpec" name="Test that the show action returns the correct model" time="0.063">
    <error message="No signature of method: fr.isima.gask.UserController.show() is applicable for argument types: (null) values: [null]&#xa;Possible solutions: raw(java.lang.Object), wait(), get(), any(), dump(), find()" type="groovy.lang.MissingMethodException">groovy.lang.MissingMethodException: No signature of method: fr.isima.gask.UserController.show() is applicable for argument types: (null) values: [null]
Possible solutions: raw(java.lang.Object), wait(), get(), any(), dump(), find()
	at fr.isima.gask.UserControllerSpec.Test that the show action returns the correct model(UserControllerSpec.groovy:64)
</error>
  </testcase>
  <testcase classname="fr.isima.gask.UserControllerSpec" name="Test that the edit action returns the correct model" time="0.031">
    <error message="No signature of method: fr.isima.gask.UserController.edit() is applicable for argument types: (null) values: [null]&#xa;Possible solutions: wait(), wait(long), get(), delete(), wait(long, int), get(int)" type="groovy.lang.MissingMethodException">groovy.lang.MissingMethodException: No signature of method: fr.isima.gask.UserController.edit() is applicable for argument types: (null) values: [null]
Possible solutions: wait(), wait(long), get(), delete(), wait(long, int), get(int)
	at fr.isima.gask.UserControllerSpec.Test that the edit action returns the correct model(UserControllerSpec.groovy:80)
</error>
  </testcase>
  <testcase classname="fr.isima.gask.UserControllerSpec" name="Test the update action performs an update on a valid domain instance" time="0.041">
    <error message="No signature of method: fr.isima.gask.UserController.update() is applicable for argument types: (null) values: [null]&#xa;Possible solutions: update(), update(int), create(), delete(), badges(), get()" type="groovy.lang.MissingMethodException">groovy.lang.MissingMethodException: No signature of method: fr.isima.gask.UserController.update() is applicable for argument types: (null) values: [null]
Possible solutions: update(), update(int), create(), delete(), badges(), get()
	at fr.isima.gask.UserControllerSpec.Test the update action performs an update on a valid domain instance(UserControllerSpec.groovy:98)
</error>
  </testcase>
  <testcase classname="fr.isima.gask.UserControllerSpec" name="Test that the delete action deletes an instance if it exists" time="0.055">
    <error message="No signature of method: fr.isima.gask.UserController.delete() is applicable for argument types: (null) values: [null]&#xa;Possible solutions: delete(), delete(int), create(), get(), update(), every()" type="groovy.lang.MissingMethodException">groovy.lang.MissingMethodException: No signature of method: fr.isima.gask.UserController.delete() is applicable for argument types: (null) values: [null]
Possible solutions: delete(), delete(int), create(), get(), update(), every()
	at fr.isima.gask.UserControllerSpec.Test that the delete action deletes an instance if it exists(UserControllerSpec.groovy:130)
</error>
  </testcase>
  <system-out><![CDATA[--Output from Test the index action returns the correct model--
--Output from Test the create action returns the correct model--
--Output from Test the save action correctly persists an instance--
--Output from Test that the show action returns the correct model--
--Output from Test that the edit action returns the correct model--
--Output from Test the update action performs an update on a valid domain instance--
--Output from Test that the delete action deletes an instance if it exists--
]]></system-out>
  <system-err><![CDATA[--Output from Test the index action returns the correct model--
--Output from Test the create action returns the correct model--
--Output from Test the save action correctly persists an instance--
--Output from Test that the show action returns the correct model--
--Output from Test that the edit action returns the correct model--
--Output from Test the update action performs an update on a valid domain instance--
--Output from Test that the delete action deletes an instance if it exists--
]]></system-err>
</testsuite>
