<?xml version="1.0" encoding="UTF-8" ?>
<testsuite errors="6" failures="1" hostname="zaini" name="fr.isima.gask.NotificationControllerSpec" tests="7" time="0.739" timestamp="2015-02-07T18:22:04">
  <properties />
  <testcase classname="fr.isima.gask.NotificationControllerSpec" name="Test the index action returns the correct model" time="0.378">
    <failure message="Condition not satisfied:&#xa;&#xa;model.notificationInstanceCount == 0&#xa;|     |                         |&#xa;[:]   null                      false&#xa;" type="junit.framework.AssertionFailedError">junit.framework.AssertionFailedError: Condition not satisfied:

model.notificationInstanceCount == 0
|     |                         |
[:]   null                      false

	at fr.isima.gask.NotificationControllerSpec.Test the index action returns the correct model(NotificationControllerSpec.groovy:25)
</failure>
  </testcase>
  <testcase classname="fr.isima.gask.NotificationControllerSpec" name="Test the create action returns the correct model" time="0.04">
    <error message="No signature of method: fr.isima.gask.NotificationController.create() is applicable for argument types: () values: []&#xa;Possible solutions: grep(), chain(java.util.Map), raw(java.lang.Object), render(groovy.lang.Closure), render(java.lang.CharSequence), render(java.lang.Object)" type="groovy.lang.MissingMethodException">groovy.lang.MissingMethodException: No signature of method: fr.isima.gask.NotificationController.create() is applicable for argument types: () values: []
Possible solutions: grep(), chain(java.util.Map), raw(java.lang.Object), render(groovy.lang.Closure), render(java.lang.CharSequence), render(java.lang.Object)
	at fr.isima.gask.NotificationControllerSpec.Test the create action returns the correct model(NotificationControllerSpec.groovy:30)
</error>
  </testcase>
  <testcase classname="fr.isima.gask.NotificationControllerSpec" name="Test the save action correctly persists an instance" time="0.038">
    <error message="No signature of method: fr.isima.gask.NotificationController.save() is applicable for argument types: (fr.isima.gask.Notification) values: [fr.isima.gask.Notification : (unsaved)]&#xa;Possible solutions: wait(), any(), wait(long), raw(java.lang.Object), each(groovy.lang.Closure), any(groovy.lang.Closure)" type="groovy.lang.MissingMethodException">groovy.lang.MissingMethodException: No signature of method: fr.isima.gask.NotificationController.save() is applicable for argument types: (fr.isima.gask.Notification) values: [fr.isima.gask.Notification : (unsaved)]
Possible solutions: wait(), any(), wait(long), raw(java.lang.Object), each(groovy.lang.Closure), any(groovy.lang.Closure)
	at fr.isima.gask.NotificationControllerSpec.Test the save action correctly persists an instance(NotificationControllerSpec.groovy:43)
</error>
  </testcase>
  <testcase classname="fr.isima.gask.NotificationControllerSpec" name="Test that the show action returns the correct model" time="0.034">
    <error message="No signature of method: fr.isima.gask.NotificationController.show() is applicable for argument types: (null) values: [null]&#xa;Possible solutions: raw(java.lang.Object), wait(), any(), dump(), find(), grep()" type="groovy.lang.MissingMethodException">groovy.lang.MissingMethodException: No signature of method: fr.isima.gask.NotificationController.show() is applicable for argument types: (null) values: [null]
Possible solutions: raw(java.lang.Object), wait(), any(), dump(), find(), grep()
	at fr.isima.gask.NotificationControllerSpec.Test that the show action returns the correct model(NotificationControllerSpec.groovy:64)
</error>
  </testcase>
  <testcase classname="fr.isima.gask.NotificationControllerSpec" name="Test that the edit action returns the correct model" time="0.031">
    <error message="No signature of method: fr.isima.gask.NotificationController.edit() is applicable for argument types: (null) values: [null]&#xa;Possible solutions: wait(), wait(long), wait(long, int), each(groovy.lang.Closure), getAt(java.lang.String), print(java.io.PrintWriter)" type="groovy.lang.MissingMethodException">groovy.lang.MissingMethodException: No signature of method: fr.isima.gask.NotificationController.edit() is applicable for argument types: (null) values: [null]
Possible solutions: wait(), wait(long), wait(long, int), each(groovy.lang.Closure), getAt(java.lang.String), print(java.io.PrintWriter)
	at fr.isima.gask.NotificationControllerSpec.Test that the edit action returns the correct model(NotificationControllerSpec.groovy:80)
</error>
  </testcase>
  <testcase classname="fr.isima.gask.NotificationControllerSpec" name="Test the update action performs an update on a valid domain instance" time="0.036">
    <error message="No signature of method: fr.isima.gask.NotificationController.update() is applicable for argument types: (null) values: [null]&#xa;Possible solutions: use([Ljava.lang.Object;), split(groovy.lang.Closure), putAt(java.lang.String, java.lang.Object), isCase(java.lang.Object)" type="groovy.lang.MissingMethodException">groovy.lang.MissingMethodException: No signature of method: fr.isima.gask.NotificationController.update() is applicable for argument types: (null) values: [null]
Possible solutions: use([Ljava.lang.Object;), split(groovy.lang.Closure), putAt(java.lang.String, java.lang.Object), isCase(java.lang.Object)
	at fr.isima.gask.NotificationControllerSpec.Test the update action performs an update on a valid domain instance(NotificationControllerSpec.groovy:98)
</error>
  </testcase>
  <testcase classname="fr.isima.gask.NotificationControllerSpec" name="Test that the delete action deletes an instance if it exists" time="0.045">
    <error message="No signature of method: fr.isima.gask.NotificationController.delete() is applicable for argument types: (null) values: [null]&#xa;Possible solutions: every(), sleep(long), getAt(java.lang.String), split(groovy.lang.Closure), every(groovy.lang.Closure)" type="groovy.lang.MissingMethodException">groovy.lang.MissingMethodException: No signature of method: fr.isima.gask.NotificationController.delete() is applicable for argument types: (null) values: [null]
Possible solutions: every(), sleep(long), getAt(java.lang.String), split(groovy.lang.Closure), every(groovy.lang.Closure)
	at fr.isima.gask.NotificationControllerSpec.Test that the delete action deletes an instance if it exists(NotificationControllerSpec.groovy:130)
</error>
  </testcase>
  <system-out><![CDATA[--Output from Test the index action returns the correct model--
--Output from Test the create action returns the correct model--
--Output from Test the save action correctly persists an instance--
--Output from Test that the show action returns the correct model--
--Output from Test that the edit action returns the correct model--
--Output from Test the update action performs an update on a valid domain instance--
--Output from Test that the delete action deletes an instance if it exists--
]]></system-out>
  <system-err><![CDATA[--Output from Test the index action returns the correct model--
--Output from Test the create action returns the correct model--
--Output from Test the save action correctly persists an instance--
--Output from Test that the show action returns the correct model--
--Output from Test that the edit action returns the correct model--
--Output from Test the update action performs an update on a valid domain instance--
--Output from Test that the delete action deletes an instance if it exists--
]]></system-err>
</testsuite>
